2019-12-30 18:10:03.267  INFO 13528 --- [main] com.cqf.AdminClientApplication           : No active profile set, falling back to default profiles: default
2019-12-30 18:10:03.702  WARN 13528 --- [main] o.s.boot.actuate.endpoint.EndpointId     : Endpoint ID 'service-registry' contains invalid characters, please migrate to a valid format.
2019-12-30 18:10:03.806  INFO 13528 --- [main] o.s.cloud.context.scope.GenericScope     : BeanFactory id=a88d632c-051d-3317-b199-3a49f33ce899
2019-12-30 18:10:03.861  INFO 13528 --- [main] trationDelegate$BeanPostProcessorChecker : Bean 'org.springframework.cloud.autoconfigure.ConfigurationPropertiesRebinderAutoConfiguration' of type [org.springframework.cloud.autoconfigure.ConfigurationPropertiesRebinderAutoConfiguration$$EnhancerBySpringCGLIB$$617305f3] is not eligible for getting processed by all BeanPostProcessors (for example: not eligible for auto-proxying)
2019-12-30 18:10:04.027  INFO 13528 --- [main] o.s.b.w.embedded.tomcat.TomcatWebServer  : Tomcat initialized with port(s): 8122 (http)
2019-12-30 18:10:04.047  INFO 13528 --- [main] o.apache.catalina.core.StandardService   : Starting service [Tomcat]
2019-12-30 18:10:04.048  INFO 13528 --- [main] org.apache.catalina.core.StandardEngine  : Starting Servlet engine: [Apache Tomcat/9.0.21]
2019-12-30 18:10:04.141  INFO 13528 --- [main] o.a.c.c.C.[Tomcat].[localhost].[/]       : Initializing Spring embedded WebApplicationContext
2019-12-30 18:10:04.141  INFO 13528 --- [main] o.s.web.context.ContextLoader            : Root WebApplicationContext: initialization completed in 866 ms
2019-12-30 18:10:04.210  WARN 13528 --- [main] c.n.c.sources.URLConfigurationSource     : No URLs will be polled as dynamic configuration sources.
2019-12-30 18:10:04.210  INFO 13528 --- [main] c.n.c.sources.URLConfigurationSource     : To enable URLs as dynamic configuration sources, define System property archaius.configurationSource.additionalUrls or make config.properties available on classpath.
2019-12-30 18:10:04.216  INFO 13528 --- [main] c.netflix.config.DynamicPropertyFactory  : DynamicPropertyFactory is initialized with configuration sources: com.netflix.config.ConcurrentCompositeConfiguration@2dd2e270
2019-12-30 18:10:04.866  INFO 13528 --- [main] o.s.b.a.e.web.ServletEndpointRegistrar   : Registered '/actuator/jolokia' to jolokia-actuator-endpoint
2019-12-30 18:10:04.891  WARN 13528 --- [main] c.n.c.sources.URLConfigurationSource     : No URLs will be polled as dynamic configuration sources.
2019-12-30 18:10:04.891  INFO 13528 --- [main] c.n.c.sources.URLConfigurationSource     : To enable URLs as dynamic configuration sources, define System property archaius.configurationSource.additionalUrls or make config.properties available on classpath.
2019-12-30 18:10:04.999  INFO 13528 --- [main] o.s.s.concurrent.ThreadPoolTaskExecutor  : Initializing ExecutorService 'applicationTaskExecutor'
2019-12-30 18:10:05.606  INFO 13528 --- [main] o.s.b.a.e.web.EndpointLinksResolver      : Exposing 21 endpoint(s) beneath base path '/actuator'
2019-12-30 18:10:05.669  INFO 13528 --- [main] o.s.c.n.eureka.InstanceInfoFactory       : Setting initial instance status as: STARTING
2019-12-30 18:10:05.692  INFO 13528 --- [main] com.netflix.discovery.DiscoveryClient    : Initializing Eureka in region us-east-1
2019-12-30 18:10:06.084  INFO 13528 --- [main] c.n.d.provider.DiscoveryJerseyProvider   : Using JSON encoding codec LegacyJacksonJson
2019-12-30 18:10:06.085  INFO 13528 --- [main] c.n.d.provider.DiscoveryJerseyProvider   : Using JSON decoding codec LegacyJacksonJson
2019-12-30 18:10:06.180  INFO 13528 --- [main] c.n.d.provider.DiscoveryJerseyProvider   : Using XML encoding codec XStreamXml
2019-12-30 18:10:06.180  INFO 13528 --- [main] c.n.d.provider.DiscoveryJerseyProvider   : Using XML decoding codec XStreamXml
2019-12-30 18:10:06.302  INFO 13528 --- [main] c.n.d.s.r.aws.ConfigClusterResolver      : Resolving eureka endpoints via configuration
2019-12-30 18:10:06.539  INFO 13528 --- [main] com.netflix.discovery.DiscoveryClient    : Disable delta property : false
2019-12-30 18:10:06.539  INFO 13528 --- [main] com.netflix.discovery.DiscoveryClient    : Single vip registry refresh property : null
2019-12-30 18:10:06.539  INFO 13528 --- [main] com.netflix.discovery.DiscoveryClient    : Force full registry fetch : false
2019-12-30 18:10:06.539  INFO 13528 --- [main] com.netflix.discovery.DiscoveryClient    : Application is null : false
2019-12-30 18:10:06.539  INFO 13528 --- [main] com.netflix.discovery.DiscoveryClient    : Registered Applications size is zero : true
2019-12-30 18:10:06.539  INFO 13528 --- [main] com.netflix.discovery.DiscoveryClient    : Application version is -1: true
2019-12-30 18:10:06.539  INFO 13528 --- [main] com.netflix.discovery.DiscoveryClient    : Getting all instance registry info from the eureka server
2019-12-30 18:10:06.662  INFO 13528 --- [main] com.netflix.discovery.DiscoveryClient    : The response status is 200
2019-12-30 18:10:06.664  INFO 13528 --- [main] com.netflix.discovery.DiscoveryClient    : Starting heartbeat executor: renew interval is: 10
2019-12-30 18:10:06.666  INFO 13528 --- [main] c.n.discovery.InstanceInfoReplicator     : InstanceInfoReplicator onDemand update allowed rate per min is 4
2019-12-30 18:10:06.669  INFO 13528 --- [main] com.netflix.discovery.DiscoveryClient    : Discovery Client initialized at timestamp 1577700606668 with initial instances count: 1
2019-12-30 18:10:06.670  INFO 13528 --- [main] o.s.c.n.e.s.EurekaServiceRegistry        : Registering application ADMIN-CLIENT with eureka with status UP
2019-12-30 18:10:06.671  INFO 13528 --- [main] com.netflix.discovery.DiscoveryClient    : Saw local status change event StatusChangeEvent [timestamp=1577700606671, current=UP, previous=STARTING]
2019-12-30 18:10:06.674  INFO 13528 --- [DiscoveryClient-InstanceInfoReplicator-0] com.netflix.discovery.DiscoveryClient    : DiscoveryClient_ADMIN-CLIENT/LAPTOP-66FA2IS3:admin-client:8122: registering service...
2019-12-30 18:10:06.704  INFO 13528 --- [DiscoveryClient-InstanceInfoReplicator-0] com.netflix.discovery.DiscoveryClient    : DiscoveryClient_ADMIN-CLIENT/LAPTOP-66FA2IS3:admin-client:8122 - registration status: 204
2019-12-30 18:10:06.708  INFO 13528 --- [main] o.s.b.w.embedded.tomcat.TomcatWebServer  : Tomcat started on port(s): 8122 (http) with context path ''
2019-12-30 18:10:06.709  INFO 13528 --- [main] .s.c.n.e.s.EurekaAutoServiceRegistration : Updating port to 8122
2019-12-30 18:10:06.710  INFO 13528 --- [main] com.cqf.AdminClientApplication           : Started AdminClientApplication in 4.983 seconds (JVM running for 5.718)
2019-12-30 18:10:07.478  INFO 13528 --- [RMI TCP Connection(3)-192.168.99.1] o.a.c.c.C.[Tomcat].[localhost].[/]       : Initializing Spring DispatcherServlet 'dispatcherServlet'
2019-12-30 18:10:07.478  INFO 13528 --- [RMI TCP Connection(3)-192.168.99.1] o.s.web.servlet.DispatcherServlet        : Initializing Servlet 'dispatcherServlet'
2019-12-30 18:10:07.484  INFO 13528 --- [RMI TCP Connection(3)-192.168.99.1] o.s.web.servlet.DispatcherServlet        : Completed initialization in 6 ms
