2019-12-30 18:09:48.985  INFO 22684 --- [main] com.cqf.AdminServerApplication           : No active profile set, falling back to default profiles: default
2019-12-30 18:09:49.544  WARN 22684 --- [main] o.s.boot.actuate.endpoint.EndpointId     : Endpoint ID 'service-registry' contains invalid characters, please migrate to a valid format.
2019-12-30 18:09:49.681  INFO 22684 --- [main] o.s.cloud.context.scope.GenericScope     : BeanFactory id=7cd48638-3823-3b1d-a1c9-83cec8b140ef
2019-12-30 18:09:49.747  INFO 22684 --- [main] trationDelegate$BeanPostProcessorChecker : Bean 'org.springframework.cloud.autoconfigure.ConfigurationPropertiesRebinderAutoConfiguration' of type [org.springframework.cloud.autoconfigure.ConfigurationPropertiesRebinderAutoConfiguration$$EnhancerBySpringCGLIB$$452e8810] is not eligible for getting processed by all BeanPostProcessors (for example: not eligible for auto-proxying)
2019-12-30 18:09:49.923  INFO 22684 --- [main] o.s.b.w.embedded.tomcat.TomcatWebServer  : Tomcat initialized with port(s): 8888 (http)
2019-12-30 18:09:49.949  INFO 22684 --- [main] o.apache.catalina.core.StandardService   : Starting service [Tomcat]
2019-12-30 18:09:49.950  INFO 22684 --- [main] org.apache.catalina.core.StandardEngine  : Starting Servlet engine: [Apache Tomcat/9.0.21]
2019-12-30 18:09:50.050  INFO 22684 --- [main] o.a.c.c.C.[Tomcat].[localhost].[/]       : Initializing Spring embedded WebApplicationContext
2019-12-30 18:09:50.050  INFO 22684 --- [main] o.s.web.context.ContextLoader            : Root WebApplicationContext: initialization completed in 1057 ms
2019-12-30 18:09:50.168  WARN 22684 --- [main] c.n.c.sources.URLConfigurationSource     : No URLs will be polled as dynamic configuration sources.
2019-12-30 18:09:50.168  INFO 22684 --- [main] c.n.c.sources.URLConfigurationSource     : To enable URLs as dynamic configuration sources, define System property archaius.configurationSource.additionalUrls or make config.properties available on classpath.
2019-12-30 18:09:50.178  INFO 22684 --- [main] c.netflix.config.DynamicPropertyFactory  : DynamicPropertyFactory is initialized with configuration sources: com.netflix.config.ConcurrentCompositeConfiguration@1455154c
2019-12-30 18:09:50.820  INFO 22684 --- [main] o.s.b.a.e.web.ServletEndpointRegistrar   : Registered '/actuator/jolokia' to jolokia-actuator-endpoint
2019-12-30 18:09:50.892  WARN 22684 --- [main] c.n.c.sources.URLConfigurationSource     : No URLs will be polled as dynamic configuration sources.
2019-12-30 18:09:50.892  INFO 22684 --- [main] c.n.c.sources.URLConfigurationSource     : To enable URLs as dynamic configuration sources, define System property archaius.configurationSource.additionalUrls or make config.properties available on classpath.
2019-12-30 18:09:50.996  INFO 22684 --- [main] o.s.s.concurrent.ThreadPoolTaskExecutor  : Initializing ExecutorService 'applicationTaskExecutor'
2019-12-30 18:09:51.075  WARN 22684 --- [main] ion$DefaultTemplateResolverConfiguration : Cannot find template location: classpath:/templates/ (please add some templates or check your Thymeleaf configuration)
2019-12-30 18:09:52.150  INFO 22684 --- [main] o.s.s.web.DefaultSecurityFilterChain     : Creating filter chain: any request, [org.springframework.security.web.context.request.async.WebAsyncManagerIntegrationFilter@68631b1d, org.springframework.security.web.context.SecurityContextPersistenceFilter@5b1e88f, org.springframework.security.web.header.HeaderWriterFilter@756b2d90, org.springframework.security.web.authentication.logout.LogoutFilter@2fd39436, org.springframework.security.web.authentication.UsernamePasswordAuthenticationFilter@74b00247, org.springframework.security.web.authentication.www.BasicAuthenticationFilter@15e8f9b2, org.springframework.security.web.savedrequest.RequestCacheAwareFilter@6a1568d6, org.springframework.security.web.servletapi.SecurityContextHolderAwareRequestFilter@357f6391, org.springframework.security.web.authentication.AnonymousAuthenticationFilter@5a48da4f, org.springframework.security.web.session.SessionManagementFilter@6cc64028, org.springframework.security.web.access.ExceptionTranslationFilter@1c98b4eb, org.springframework.security.web.access.intercept.FilterSecurityInterceptor@69ec93c2]
2019-12-30 18:09:52.193  INFO 22684 --- [main] o.s.b.a.e.web.EndpointLinksResolver      : Exposing 21 endpoint(s) beneath base path '/actuator'
2019-12-30 18:09:52.332  INFO 22684 --- [main] o.s.c.n.eureka.InstanceInfoFactory       : Setting initial instance status as: STARTING
2019-12-30 18:09:52.359  INFO 22684 --- [main] com.netflix.discovery.DiscoveryClient    : Initializing Eureka in region us-east-1
2019-12-30 18:09:52.747  INFO 22684 --- [main] c.n.d.provider.DiscoveryJerseyProvider   : Using JSON encoding codec LegacyJacksonJson
2019-12-30 18:09:52.747  INFO 22684 --- [main] c.n.d.provider.DiscoveryJerseyProvider   : Using JSON decoding codec LegacyJacksonJson
2019-12-30 18:09:52.827  INFO 22684 --- [main] c.n.d.provider.DiscoveryJerseyProvider   : Using XML encoding codec XStreamXml
2019-12-30 18:09:52.827  INFO 22684 --- [main] c.n.d.provider.DiscoveryJerseyProvider   : Using XML decoding codec XStreamXml
2019-12-30 18:09:52.951  INFO 22684 --- [main] c.n.d.s.r.aws.ConfigClusterResolver      : Resolving eureka endpoints via configuration
2019-12-30 18:09:53.190  INFO 22684 --- [main] com.netflix.discovery.DiscoveryClient    : Disable delta property : false
2019-12-30 18:09:53.190  INFO 22684 --- [main] com.netflix.discovery.DiscoveryClient    : Single vip registry refresh property : null
2019-12-30 18:09:53.190  INFO 22684 --- [main] com.netflix.discovery.DiscoveryClient    : Force full registry fetch : false
2019-12-30 18:09:53.190  INFO 22684 --- [main] com.netflix.discovery.DiscoveryClient    : Application is null : false
2019-12-30 18:09:53.190  INFO 22684 --- [main] com.netflix.discovery.DiscoveryClient    : Registered Applications size is zero : true
2019-12-30 18:09:53.190  INFO 22684 --- [main] com.netflix.discovery.DiscoveryClient    : Application version is -1: true
2019-12-30 18:09:53.190  INFO 22684 --- [main] com.netflix.discovery.DiscoveryClient    : Getting all instance registry info from the eureka server
2019-12-30 18:09:53.307  INFO 22684 --- [main] com.netflix.discovery.DiscoveryClient    : The response status is 200
2019-12-30 18:09:53.310  INFO 22684 --- [main] com.netflix.discovery.DiscoveryClient    : Starting heartbeat executor: renew interval is: 10
2019-12-30 18:09:53.312  INFO 22684 --- [main] c.n.discovery.InstanceInfoReplicator     : InstanceInfoReplicator onDemand update allowed rate per min is 4
2019-12-30 18:09:53.315  INFO 22684 --- [main] com.netflix.discovery.DiscoveryClient    : Discovery Client initialized at timestamp 1577700593314 with initial instances count: 1
2019-12-30 18:09:53.316  INFO 22684 --- [main] o.s.c.n.e.s.EurekaServiceRegistry        : Registering application ADMIN-SERVICE with eureka with status UP
2019-12-30 18:09:53.316  INFO 22684 --- [main] com.netflix.discovery.DiscoveryClient    : Saw local status change event StatusChangeEvent [timestamp=1577700593316, current=UP, previous=STARTING]
2019-12-30 18:09:53.318  INFO 22684 --- [DiscoveryClient-InstanceInfoReplicator-0] com.netflix.discovery.DiscoveryClient    : DiscoveryClient_ADMIN-SERVICE/LAPTOP-66FA2IS3:admin-service:8888: registering service...
2019-12-30 18:09:53.350  INFO 22684 --- [DiscoveryClient-InstanceInfoReplicator-0] com.netflix.discovery.DiscoveryClient    : DiscoveryClient_ADMIN-SERVICE/LAPTOP-66FA2IS3:admin-service:8888 - registration status: 204
2019-12-30 18:09:53.786  INFO 22684 --- [main] o.s.b.w.embedded.tomcat.TomcatWebServer  : Tomcat started on port(s): 8888 (http) with context path ''
2019-12-30 18:09:53.804  INFO 22684 --- [main] .s.c.n.e.s.EurekaAutoServiceRegistration : Updating port to 8888
2019-12-30 18:09:53.805  INFO 22684 --- [main] com.cqf.AdminServerApplication           : Started AdminServerApplication in 6.431 seconds (JVM running for 7.227)
2019-12-30 18:09:53.859  INFO 22684 --- [http-nio-8888-exec-1] o.a.c.c.C.[Tomcat].[localhost].[/]       : Initializing Spring DispatcherServlet 'dispatcherServlet'
2019-12-30 18:09:53.860  INFO 22684 --- [http-nio-8888-exec-1] o.s.web.servlet.DispatcherServlet        : Initializing Servlet 'dispatcherServlet'
2019-12-30 18:09:53.865  INFO 22684 --- [http-nio-8888-exec-1] o.s.web.servlet.DispatcherServlet        : Completed initialization in 5 ms
